<?xml version="1.0" encoding="UTF-8"?>
<testng-results skipped="0" failed="0" total="1" passed="1">
  <reporter-output>
  </reporter-output>
  <suite name="demosuite" duration-ms="19436" started-at="2018-12-06T06:11:58Z" finished-at="2018-12-06T06:12:17Z">
    <groups>
    </groups>
    <test name="Test" duration-ms="19436" started-at="2018-12-06T06:11:58Z" finished-at="2018-12-06T06:12:17Z">
      <class name="TestCases.LoginSuccessfullTestCase">
        <test-method status="PASS" signature="setupDriver(java.lang.String)[pri:0, instance:TestCases.LoginSuccessfullTestCase@6fc6f14e]" name="setupDriver" is-config="true" duration-ms="10733" started-at="2018-12-06T13:11:58Z" finished-at="2018-12-06T13:12:09Z">
          <params>
            <param index="0">
              <value>
                <![CDATA[chrome]]>
              </value>
            </param>
          </params>
          <reporter-output>
          </reporter-output>
        </test-method> <!-- setupDriver -->
        <test-method status="PASS" signature="executeTestCase()[pri:0, instance:TestCases.LoginSuccessfullTestCase@6fc6f14e]" name="executeTestCase" duration-ms="6244" started-at="2018-12-06T13:12:09Z" finished-at="2018-12-06T13:12:15Z">
          <reporter-output>
          </reporter-output>
        </test-method> <!-- executeTestCase -->
        <test-method status="PASS" signature="closeupDriver()[pri:0, instance:TestCases.LoginSuccessfullTestCase@6fc6f14e]" name="closeupDriver" is-config="true" duration-ms="2448" started-at="2018-12-06T13:12:15Z" finished-at="2018-12-06T13:12:17Z">
          <reporter-output>
          </reporter-output>
        </test-method> <!-- closeupDriver -->
      </class> <!-- TestCases.LoginSuccessfullTestCase -->
    </test> <!-- Test -->
  </suite> <!-- demosuite -->
</testng-results>
